Z80/8080-Macro-Assembler  Release 2.1

LOC   OBJECT CODE   LINE   STMT SOURCE CODE
                       1      1 ;
                       2      2 ; CROMEMCO DAZZLER KALEIDOSCOPE
                       3      3 ; WRITTEN BY LI-CHEN WANG
                       4      4 ;
                       5      5
                       6      6         ORG  0
                       7      7
0000  f3               8      8         DI
0001  31 00 01         9      9         LXI  SP,0100H
0004  3e 81           10     10         MVI  A,081H
0006  d3 0e           11     11         OUT  14
0008  3e 30           12     12         MVI  A,030H
000a  d3 0f           13     13         OUT  15
000c  db 00           14     14 L0B	IN   0
000e  0f              15     15 	RRC
000f  da 13 00        16     16         JC   NOKEY
0012  76              17     17         HLT
0013  78              18     18 NOKEY   MOV  A,B
0014  0f              19     19         RRC
0015  0f              20     20         RRC
0016  a2              21     21         ANA  D
0017  81              22     22         ADD  C
0018  4f              23     23         MOV  C,A
0019  0f              24     24         RRC
001a  0f              25     25         RRC
001b  a2              26     26         ANA  D
001c  6f              27     27         MOV  L,A
001d  78              28     28         MOV  A,B
001e  95              29     29         SUB  L
001f  47              30     30         MOV  B,A
0020  c5              31     31         PUSH B
0021  d5              32     32         PUSH D
0022  e5              33     33         PUSH H
0023  11 00 00        34     34         LXI  D,0
0026  7c              35     35         MOV  A,H
0027  e6 1f           36     36         ANI  01FH
0029  1f              37     37         RAR
002a  da 33 00        38     38         JC   L2B
002d  5f              39     39         MOV  E,A
002e  07              40     40         RLC
002f  07              41     41         RLC
0030  07              42     42         RLC
0031  07              43     43         RLC
0032  57              44     44         MOV  D,A
0033  26 08           45     45 L2B     MVI  H,08H
0035  cd 65 00        46     46         CALL L5D
0038  78              47     47         MOV  A,B
0039  2f              48     48         CMA
003a  47              49     49         MOV  B,A
003b  26 06           50     50         MVI  H,06H
003d  cd 65 00        51     51         CALL L5D
0040  79              52     52         MOV  A,C
0041  2f              53     53         CMA
0042  4f              54     54         MOV  C,A
0043  26 02           55     55         MVI  H,02H
0045  cd 65 00        56     56         CALL L5D
0048  78              57     57         MOV  A,B
0049  2f              58     58         CMA
004a  47              59     59         MOV  B,A
004b  26 04           60     60         MVI  H,04H
004d  cd 65 00        61     61         CALL L5D
0050  e1              62     62         POP  H
0051  d1              63     63         POP  D
0052  c1              64     64         POP  B
0053  1d              65     65         DCR  E
0054  c2 0c 00        66     66         JNZ  L0B
0057  04              67     67         INR  B
0058  0c              68     68         INR  C
0059  1e 3f           69     69         MVI  E,03FH
005b  25              70     70         DCR  H
005c  c2 0c 00        71     71         JNZ  L0B
005f  14              72     72         INR  D
0060  26 1f           73     73         MVI  H,01FH
0062  c3 0c 00        74     74         JMP  L0B
0065  79              75     75 L5D     MOV  A,C
0066  e6 f8           76     76         ANI  0F8H
0068  17              77     77         RAL
0069  6f              78     78         MOV  L,A
006a  7c              79     79         MOV  A,H
006b  ce 00           80     80         ACI  00H
006d  67              81     81         MOV  H,A
006e  78              82     82         MOV  A,B
006f  e6 f8           83     83         ANI  0F8H
0071  1f              84     84         RAR
0072  1f              85     85         RAR
0073  1f              86     86         RAR
0074  1f              87     87         RAR
0075  f5              88     88         PUSH PSW
0076  85              89     89         ADD  L
0077  6f              90     90         MOV  L,A
0078  f1              91     91         POP  PSW
0079  7e              92     92         MOV  A,M
007a  da 82 00        93     93         JC   L7A
007d  e6 f0           94     94         ANI  0F0H
007f  83              95     95         ADD  E
0080  77              96     96         MOV  M,A
0081  c9              97     97         RET
0082  e6 0f           98     98 L7A     ANI  0FH
0084  82              99     99         ADD  D
0085  77             100    100         MOV  M,A
0086  c9             101    101         RET
                     102    102
0087                 103    103         END

Symbol table

L0B   000c    L2B   0033    L5D   0065    L7A   0082    NOKEY 0013
